d:\it projects\football2\football2\debug\vc142.pdb
d:\it projects\football2\football2\debug\.netframework,version=v4.7.2.assemblyattributes.obj
d:\it projects\football2\football2\debug\startingform.obj
d:\it projects\football2\football2\debug\resultform.obj
d:\it projects\football2\football2\debug\loadingform.obj
d:\it projects\football2\football2\debug\languageform.obj
d:\it projects\football2\football2\debug\keyform.obj
d:\it projects\football2\football2\debug\home.obj
d:\it projects\football2\debug\stdole.dll
d:\it projects\football2\football2\debug\football2.home.resources
d:\it projects\football2\football2\debug\football2.keyform.resources
d:\it projects\football2\football2\debug\football2.languageform.resources
d:\it projects\football2\football2\debug\football2.loadingform.resources
d:\it projects\football2\football2\debug\football2.resultform.resources
d:\it projects\football2\football2\debug\football2.startingform.resources
d:\it projects\football2\football2\debug\football2.loadingform.en-us.resources
d:\it projects\football2\football2\debug\football2.resultform.en-us.resources
d:\it projects\football2\football2\debug\football2.startingform.en-us.resources
d:\it projects\football2\debug\en-us\football2.resources.dll
d:\it projects\football2\debug\football2.exe
d:\it projects\football2\debug\football2.pdb
d:\it projects\football2\football2\debug\football2.res
d:\it projects\football2\football2\debug\football2.tlog\cl.command.1.tlog
d:\it projects\football2\football2\debug\football2.tlog\cl.read.1.tlog
d:\it projects\football2\football2\debug\football2.tlog\cl.write.1.tlog
d:\it projects\football2\football2\debug\football2.tlog\copylocal.read.1u.tlog
d:\it projects\football2\football2\debug\football2.tlog\copylocal.write.1u.tlog
d:\it projects\football2\football2\debug\football2.tlog\football2.write.1u.tlog
d:\it projects\football2\football2\debug\football2.tlog\link.command.1.tlog
d:\it projects\football2\football2\debug\football2.tlog\link.read.1.tlog
d:\it projects\football2\football2\debug\football2.tlog\link.write.1.tlog
d:\it projects\football2\football2\debug\football2.tlog\metagen.read.1.tlog
d:\it projects\football2\football2\debug\football2.tlog\metagen.write.1.tlog
d:\it projects\football2\football2\debug\football2.tlog\rc.command.1.tlog
d:\it projects\football2\football2\debug\football2.tlog\rc.read.1.tlog
d:\it projects\football2\football2\debug\football2.tlog\rc.write.1.tlog
